<?xml version="1.0" encoding="UTF-8"?>
<testng-results ignored="0" total="1" passed="1" failed="0" skipped="0">
  <reporter-output>
  </reporter-output>
  <suite started-at="2023-05-29T11:45:54 IST" name="Default suite" finished-at="2023-05-29T11:46:47 IST" duration-ms="52581">
    <groups>
    </groups>
    <test started-at="2023-05-29T11:45:54 IST" name="Default test" finished-at="2023-05-29T11:46:47 IST" duration-ms="52581">
      <class name="testscript.SendContactDetailsTest">
        <test-method is-config="true" signature="classConfig()[pri:0, instance:testscript.SendContactDetailsTest@16610890]" started-at="2023-05-29T11:45:54 IST" name="classConfig" finished-at="2023-05-29T11:45:55 IST" duration-ms="462" status="PASS">
          <reporter-output>
          </reporter-output>
        </test-method> <!-- classConfig -->
        <test-method is-config="true" signature="methodConfig()[pri:0, instance:testscript.SendContactDetailsTest@16610890]" started-at="2023-05-29T11:45:55 IST" name="methodConfig" finished-at="2023-05-29T11:46:41 IST" duration-ms="45761" status="PASS">
          <reporter-output>
          </reporter-output>
        </test-method> <!-- methodConfig -->
        <test-method signature="sendContactDetailsTest()[pri:0, instance:testscript.SendContactDetailsTest@16610890]" started-at="2023-05-29T11:46:41 IST" name="sendContactDetailsTest" finished-at="2023-05-29T11:46:47 IST" duration-ms="6170" status="PASS">
          <reporter-output>
          </reporter-output>
        </test-method> <!-- sendContactDetailsTest -->
        <test-method is-config="true" signature="methodTearDown()[pri:0, instance:testscript.SendContactDetailsTest@16610890]" started-at="2023-05-29T11:46:47 IST" name="methodTearDown" finished-at="2023-05-29T11:46:47 IST" duration-ms="156" status="PASS">
          <reporter-output>
          </reporter-output>
        </test-method> <!-- methodTearDown -->
        <test-method is-config="true" signature="classTearDown()[pri:0, instance:testscript.SendContactDetailsTest@16610890]" started-at="2023-05-29T11:46:47 IST" name="classTearDown" finished-at="2023-05-29T11:46:47 IST" duration-ms="0" status="PASS">
          <reporter-output>
          </reporter-output>
        </test-method> <!-- classTearDown -->
      </class> <!-- testscript.SendContactDetailsTest -->
    </test> <!-- Default test -->
  </suite> <!-- Default suite -->
</testng-results>
